[NX Daemon Server] - 2024-08-02T16:20:51.435Z - Started listening on: /var/folders/cv/yx8gfvpx7c77shkw8g14mq300000gn/T/e318c9e6462701f97dc5/d.sock
[NX Daemon Server] - 2024-08-02T16:20:51.437Z - [WATCHER]: Subscribed to changes within: /Users/chellappan/Public/my-next-app (native)
[NX Daemon Server] - 2024-08-02T16:20:51.441Z - Established a connection. Number of open connections: 1
[NX Daemon Server] - 2024-08-02T16:20:51.441Z - Established a connection. Number of open connections: 2
[NX Daemon Server] - 2024-08-02T16:20:51.442Z - Closed a connection. Number of open connections: 1
[NX Daemon Server] - 2024-08-02T16:20:51.442Z - [REQUEST]: Client Request for Project Graph Received
[NX Daemon Server] - 2024-08-02T16:20:51.509Z - [WATCHER]: .nx/workspace-data/d/server-process.json was created or restored
[NX Daemon Server] - 2024-08-02T16:20:51.637Z - [REQUEST]: Updated workspace context based on watched changes, recomputing project graph...
[NX Daemon Server] - 2024-08-02T16:20:51.637Z - [REQUEST]: .nx/workspace-data/d/server-process.json
[NX Daemon Server] - 2024-08-02T16:20:51.637Z - [REQUEST]: 
[NX Daemon Server] - 2024-08-02T16:20:51.638Z - [REQUEST]: Updated workspace context based on watched changes, recomputing project graph...
[NX Daemon Server] - 2024-08-02T16:20:51.638Z - [REQUEST]: .nx/workspace-data/d/server-process.json
[NX Daemon Server] - 2024-08-02T16:20:51.638Z - [REQUEST]: 
[NX Daemon Server] - 2024-08-02T16:20:51.653Z - Time taken for 'loadNxPlugins' 26.585000000000008ms
[NX Daemon Server] - 2024-08-02T16:20:51.763Z - Started listening on: /var/folders/cv/yx8gfvpx7c77shkw8g14mq300000gn/T/e318c9e6462701f97dc5/d.sock
[NX Daemon Server] - 2024-08-02T16:20:51.766Z - [WATCHER]: Subscribed to changes within: /Users/chellappan/Public/my-next-app (native)
[NX Daemon Server] - 2024-08-02T16:20:51.768Z - Established a connection. Number of open connections: 1
[NX Daemon Server] - 2024-08-02T16:20:51.769Z - Established a connection. Number of open connections: 2
[NX Daemon Server] - 2024-08-02T16:20:51.766Z - Started listening on: /var/folders/cv/yx8gfvpx7c77shkw8g14mq300000gn/T/e318c9e6462701f97dc5/d.sock
[NX Daemon Server] - 2024-08-02T16:20:51.770Z - Closed a connection. Number of open connections: 1
[NX Daemon Server] - 2024-08-02T16:20:51.770Z - [WATCHER]: Subscribed to changes within: /Users/chellappan/Public/my-next-app (native)
[NX Daemon Server] - 2024-08-02T16:20:51.771Z - Established a connection. Number of open connections: 1
[NX Daemon Server] - 2024-08-02T16:20:51.772Z - Established a connection. Number of open connections: 2
[NX Daemon Server] - 2024-08-02T16:20:51.772Z - [REQUEST]: Responding to the client. handleHashGlob
[NX Daemon Server] - 2024-08-02T16:20:51.772Z - Done responding to the client handleHashGlob
[NX Daemon Server] - 2024-08-02T16:20:51.772Z - Handled HASH_GLOB. Handling time: 1. Response time: 0.
[NX Daemon Server] - 2024-08-02T16:20:51.773Z - Closed a connection. Number of open connections: 1
[NX Daemon Server] - 2024-08-02T16:20:51.773Z - Established a connection. Number of open connections: 2
[NX Daemon Server] - 2024-08-02T16:20:51.773Z - Closed a connection. Number of open connections: 1
[NX Daemon Server] - 2024-08-02T16:20:51.774Z - Established a connection. Number of open connections: 2
[NX Daemon Server] - 2024-08-02T16:20:51.774Z - [REQUEST]: Responding to the client. handleHashGlob
[NX Daemon Server] - 2024-08-02T16:20:51.775Z - Done responding to the client handleHashGlob
[NX Daemon Server] - 2024-08-02T16:20:51.775Z - Handled HASH_GLOB. Handling time: 1. Response time: 1.
[NX Daemon Server] - 2024-08-02T16:20:51.776Z - [REQUEST]: Responding to the client. handleHashGlob
[NX Daemon Server] - 2024-08-02T16:20:51.776Z - Done responding to the client handleHashGlob
[NX Daemon Server] - 2024-08-02T16:20:51.776Z - Handled HASH_GLOB. Handling time: 1. Response time: 0.
[NX Daemon Server] - 2024-08-02T16:20:51.777Z - [REQUEST]: Responding to the client. handleHashGlob
[NX Daemon Server] - 2024-08-02T16:20:51.777Z - Done responding to the client handleHashGlob
[NX Daemon Server] - 2024-08-02T16:20:51.777Z - Handled HASH_GLOB. Handling time: 0. Response time: 0.
[NX Daemon Server] - 2024-08-02T16:20:51.777Z - Established a connection. Number of open connections: 3
[NX Daemon Server] - 2024-08-02T16:20:51.777Z - Established a connection. Number of open connections: 4
[NX Daemon Server] - 2024-08-02T16:20:51.777Z - Closed a connection. Number of open connections: 3
[NX Daemon Server] - 2024-08-02T16:20:51.778Z - [REQUEST]: Client Request for Project Graph Received
[NX Daemon Server] - 2024-08-02T16:20:51.781Z - Started listening on: /var/folders/cv/yx8gfvpx7c77shkw8g14mq300000gn/T/e318c9e6462701f97dc5/d.sock
[NX Daemon Server] - 2024-08-02T16:20:51.785Z - [WATCHER]: Subscribed to changes within: /Users/chellappan/Public/my-next-app (native)
[NX Daemon Server] - 2024-08-02T16:20:51.788Z - [REQUEST]: Responding to the client. handleHashGlob
[NX Daemon Server] - 2024-08-02T16:20:51.789Z - Done responding to the client handleHashGlob
[NX Daemon Server] - 2024-08-02T16:20:51.789Z - Handled HASH_GLOB. Handling time: 3. Response time: 1.
[NX Daemon Server] - 2024-08-02T16:20:51.792Z - Established a connection. Number of open connections: 1
[NX Daemon Server] - 2024-08-02T16:20:51.793Z - Established a connection. Number of open connections: 2
[NX Daemon Server] - 2024-08-02T16:20:51.795Z - [REQUEST]: Responding to the client. handleHashGlob
[NX Daemon Server] - 2024-08-02T16:20:51.795Z - Done responding to the client handleHashGlob
[NX Daemon Server] - 2024-08-02T16:20:51.795Z - Handled HASH_GLOB. Handling time: 5. Response time: 0.
[NX Daemon Server] - 2024-08-02T16:20:51.794Z - Closed a connection. Number of open connections: 1
[NX Daemon Server] - 2024-08-02T16:20:51.809Z - [REQUEST]: Responding to the client. handleHashGlob
[NX Daemon Server] - 2024-08-02T16:20:51.810Z - Done responding to the client handleHashGlob
[NX Daemon Server] - 2024-08-02T16:20:51.810Z - Handled HASH_GLOB. Handling time: 5. Response time: 1.
[NX Daemon Server] - 2024-08-02T16:20:51.824Z - [REQUEST]: Responding to the client. handleHashGlob
[NX Daemon Server] - 2024-08-02T16:20:51.825Z - Done responding to the client handleHashGlob
[NX Daemon Server] - 2024-08-02T16:20:51.825Z - Handled HASH_GLOB. Handling time: 4. Response time: 1.
[NX Daemon Server] - 2024-08-02T16:20:51.831Z - [WATCHER]: .nx/workspace-data/d/server-process.json was created or restored
[NX Daemon Server] - 2024-08-02T16:20:51.832Z - [REQUEST]: Responding to the client. handleHashGlob
[NX Daemon Server] - 2024-08-02T16:20:51.832Z - Done responding to the client handleHashGlob
[NX Daemon Server] - 2024-08-02T16:20:51.832Z - Handled HASH_GLOB. Handling time: 2. Response time: 0.
[NX Daemon Server] - 2024-08-02T16:20:51.834Z - [WATCHER]: Stopping the watcher for /Users/chellappan/Public/my-next-app (sources)
[NX Daemon Server] - 2024-08-02T16:20:51.836Z - [WATCHER]: Stopping the watcher for /Users/chellappan/Public/my-next-app (outputs)
[NX Daemon Server] - 2024-08-02T16:20:51.836Z - Server stopped because: "this process is no longer the current daemon (native)"
[NX Daemon Server] - 2024-08-02T16:20:51.839Z - [REQUEST]: Responding to the client. handleHashGlob
[NX Daemon Server] - 2024-08-02T16:20:51.839Z - Done responding to the client handleHashGlob
[NX Daemon Server] - 2024-08-02T16:20:51.839Z - Handled HASH_GLOB. Handling time: 4. Response time: 0.
[NX Daemon Server] - 2024-08-02T16:20:51.867Z - Closed a connection. Number of open connections: 0
[NX Daemon Server] - 2024-08-02T16:20:51.956Z - Started listening on: /var/folders/cv/yx8gfvpx7c77shkw8g14mq300000gn/T/e318c9e6462701f97dc5/d.sock
[NX Daemon Server] - 2024-08-02T16:20:51.957Z - [WATCHER]: Subscribed to changes within: /Users/chellappan/Public/my-next-app (native)
[NX Daemon Server] - 2024-08-02T16:20:52.255Z - Started listening on: /var/folders/cv/yx8gfvpx7c77shkw8g14mq300000gn/T/e318c9e6462701f97dc5/d.sock
[NX Daemon Server] - 2024-08-02T16:20:52.256Z - [WATCHER]: Subscribed to changes within: /Users/chellappan/Public/my-next-app (native)
[NX Daemon Server] - 2024-08-02T16:20:52.260Z - Established a connection. Number of open connections: 1
[NX Daemon Server] - 2024-08-02T16:20:52.261Z - Established a connection. Number of open connections: 2
[NX Daemon Server] - 2024-08-02T16:20:52.261Z - Closed a connection. Number of open connections: 1
[NX Daemon Server] - 2024-08-02T16:20:52.262Z - [REQUEST]: Client Request for Project Graph Received
[NX Daemon Server] - 2024-08-02T16:20:52.318Z - [WATCHER]: .nx/workspace-data/d/server-process.json was modified
[NX Daemon Server] - 2024-08-02T16:20:52.598Z - [REQUEST]: Updated workspace context based on watched changes, recomputing project graph...
[NX Daemon Server] - 2024-08-02T16:20:52.598Z - [REQUEST]: .nx/workspace-data/d/server-process.json
[NX Daemon Server] - 2024-08-02T16:20:52.598Z - [REQUEST]: 
[NX Daemon Server] - 2024-08-02T16:20:52.613Z - Time taken for 'loadNxPlugins' 177.24570900201797ms
[NX Daemon Server] - 2024-08-02T16:20:52.784Z - [REQUEST]: Updated workspace context based on watched changes, recomputing project graph...
[NX Daemon Server] - 2024-08-02T16:20:52.784Z - [REQUEST]: .nx/workspace-data/d/server-process.json
[NX Daemon Server] - 2024-08-02T16:20:52.784Z - [REQUEST]: 
[NX Daemon Server] - 2024-08-02T16:20:52.788Z - Time taken for 'loadNxPlugins' 363.99449998140335ms
[NX Daemon Server] - 2024-08-02T16:20:52.803Z - Started listening on: /var/folders/cv/yx8gfvpx7c77shkw8g14mq300000gn/T/e318c9e6462701f97dc5/d.sock
[NX Daemon Server] - 2024-08-02T16:20:52.806Z - [WATCHER]: Subscribed to changes within: /Users/chellappan/Public/my-next-app (native)
node:events:492
      throw er; // Unhandled 'error' event
      ^

Error: listen EADDRINUSE: address already in use /var/folders/cv/yx8gfvpx7c77shkw8g14mq300000gn/T/e318c9e6462701f97dc5/d.sock
    at Server.setupListenHandle [as _listen2] (node:net:1855:21)
    at listenInCluster (node:net:1920:12)
    at Server.listen (node:net:2019:5)
    at /Users/chellappan/Public/my-next-app/node_modules/nx/src/daemon/server/server.js:316:20
    at new Promise (<anonymous>)
    at startServer (/Users/chellappan/Public/my-next-app/node_modules/nx/src/daemon/server/server.js:314:12)
    at async /Users/chellappan/Public/my-next-app/node_modules/nx/src/daemon/server/start.js:8:9
Emitted 'error' event on Server instance at:
    at emitErrorNT (node:net:1899:8)
    at process.processTicksAndRejections (node:internal/process/task_queues:82:21) {
  code: 'EADDRINUSE',
  errno: -48,
  syscall: 'listen',
  address: '/var/folders/cv/yx8gfvpx7c77shkw8g14mq300000gn/T/e318c9e6462701f97dc5/d.sock',
  port: -1
}

Node.js v20.9.0
[NX Daemon Server] - 2024-08-02T16:20:52.809Z - Established a connection. Number of open connections: 1
[NX Daemon Server] - 2024-08-02T16:20:52.810Z - Established a connection. Number of open connections: 2
[NX Daemon Server] - 2024-08-02T16:20:52.812Z - Closed a connection. Number of open connections: 1
[NX Daemon Server] - 2024-08-02T16:20:52.812Z - Established a connection. Number of open connections: 2
[NX Daemon Server] - 2024-08-02T16:20:52.812Z - Started listening on: /var/folders/cv/yx8gfvpx7c77shkw8g14mq300000gn/T/e318c9e6462701f97dc5/d.sock
[NX Daemon Server] - 2024-08-02T16:20:52.813Z - [WATCHER]: Subscribed to changes within: /Users/chellappan/Public/my-next-app (native)
[NX Daemon Server] - 2024-08-02T16:20:52.815Z - [REQUEST]: Responding to the client. handleHashGlob
[NX Daemon Server] - 2024-08-02T16:20:52.815Z - Done responding to the client handleHashGlob
[NX Daemon Server] - 2024-08-02T16:20:52.815Z - Handled HASH_GLOB. Handling time: 2. Response time: 0.
[NX Daemon Server] - 2024-08-02T16:20:52.815Z - Established a connection. Number of open connections: 3
[NX Daemon Server] - 2024-08-02T16:20:52.816Z - Closed a connection. Number of open connections: 2
[NX Daemon Server] - 2024-08-02T16:20:52.816Z - Established a connection. Number of open connections: 3
[NX Daemon Server] - 2024-08-02T16:20:52.816Z - Closed a connection. Number of open connections: 2
[NX Daemon Server] - 2024-08-02T16:20:52.816Z - Established a connection. Number of open connections: 3
[NX Daemon Server] - 2024-08-02T16:20:52.817Z - Established a connection. Number of open connections: 1
[NX Daemon Server] - 2024-08-02T16:20:52.817Z - Established a connection. Number of open connections: 2
[NX Daemon Server] - 2024-08-02T16:20:52.818Z - Closed a connection. Number of open connections: 1
[NX Daemon Server] - 2024-08-02T16:20:52.818Z - Established a connection. Number of open connections: 2
[NX Daemon Server] - 2024-08-02T16:20:52.819Z - [REQUEST]: Responding to the client. handleHashGlob
[NX Daemon Server] - 2024-08-02T16:20:52.819Z - Done responding to the client handleHashGlob
[NX Daemon Server] - 2024-08-02T16:20:52.819Z - Handled HASH_GLOB. Handling time: 3. Response time: 0.
[NX Daemon Server] - 2024-08-02T16:20:52.819Z - Established a connection. Number of open connections: 4
[NX Daemon Server] - 2024-08-02T16:20:52.821Z - [REQUEST]: Responding to the client. handleHashGlob
[NX Daemon Server] - 2024-08-02T16:20:52.822Z - Done responding to the client handleHashGlob
[NX Daemon Server] - 2024-08-02T16:20:52.822Z - Handled HASH_GLOB. Handling time: 1. Response time: 1.
[NX Daemon Server] - 2024-08-02T16:20:52.822Z - Established a connection. Number of open connections: 3
[NX Daemon Server] - 2024-08-02T16:20:52.822Z - Closed a connection. Number of open connections: 2
[NX Daemon Server] - 2024-08-02T16:20:52.822Z - Established a connection. Number of open connections: 3
[NX Daemon Server] - 2024-08-02T16:20:52.823Z - [REQUEST]: Responding to the client. handleHashGlob
[NX Daemon Server] - 2024-08-02T16:20:52.823Z - Done responding to the client handleHashGlob
[NX Daemon Server] - 2024-08-02T16:20:52.823Z - Handled HASH_GLOB. Handling time: 1. Response time: 0.
[NX Daemon Server] - 2024-08-02T16:20:52.823Z - Established a connection. Number of open connections: 4
[NX Daemon Server] - 2024-08-02T16:20:52.824Z - [REQUEST]: Responding to the client. handleHashGlob
[NX Daemon Server] - 2024-08-02T16:20:52.824Z - Done responding to the client handleHashGlob
[NX Daemon Server] - 2024-08-02T16:20:52.824Z - Handled HASH_GLOB. Handling time: 1. Response time: 0.
[NX Daemon Server] - 2024-08-02T16:20:52.824Z - Closed a connection. Number of open connections: 3
[NX Daemon Server] - 2024-08-02T16:20:52.824Z - [REQUEST]: Responding to the client. handleHashGlob
[NX Daemon Server] - 2024-08-02T16:20:52.824Z - Done responding to the client handleHashGlob
[NX Daemon Server] - 2024-08-02T16:20:52.824Z - Handled HASH_GLOB. Handling time: 4. Response time: 0.
[NX Daemon Server] - 2024-08-02T16:20:52.824Z - [REQUEST]: Responding to the client. handleHashGlob
[NX Daemon Server] - 2024-08-02T16:20:52.824Z - Done responding to the client handleHashGlob
[NX Daemon Server] - 2024-08-02T16:20:52.824Z - Handled HASH_GLOB. Handling time: 0. Response time: 0.
[NX Daemon Server] - 2024-08-02T16:20:52.824Z - Closed a connection. Number of open connections: 3
[NX Daemon Server] - 2024-08-02T16:20:52.826Z - [REQUEST]: Responding to the client. handleGlob
[NX Daemon Server] - 2024-08-02T16:20:52.826Z - Done responding to the client handleGlob
[NX Daemon Server] - 2024-08-02T16:20:52.826Z - Handled GLOB. Handling time: 0. Response time: 0.
[NX Daemon Server] - 2024-08-02T16:20:52.860Z - [WATCHER]: .nx/workspace-data/d/server-process.json was modified
[NX Daemon Server] - 2024-08-02T16:20:52.860Z - [WATCHER]: Stopping the watcher for /Users/chellappan/Public/my-next-app (sources)
[NX Daemon Server] - 2024-08-02T16:20:52.861Z - [WATCHER]: Stopping the watcher for /Users/chellappan/Public/my-next-app (outputs)
[NX Daemon Server] - 2024-08-02T16:20:52.861Z - Server stopped because: "this process is no longer the current daemon (native)"
[NX Daemon Server] - 2024-08-02T16:20:52.869Z - Closed a connection. Number of open connections: 2
[NX Daemon Server] - 2024-08-02T16:20:52.876Z - [WATCHER]: .nx/workspace-data/d/server-process.json was modified
[NX Daemon Server] - 2024-08-02T16:20:53.029Z - Closed a connection. Number of open connections: 2
[NX Daemon Server] - 2024-08-02T16:20:53.315Z - Started listening on: /var/folders/cv/yx8gfvpx7c77shkw8g14mq300000gn/T/e318c9e6462701f97dc5/d.sock
[NX Daemon Server] - 2024-08-02T16:20:53.317Z - [WATCHER]: Subscribed to changes within: /Users/chellappan/Public/my-next-app (native)
[NX Daemon Server] - 2024-08-02T16:20:53.348Z - Closed a connection. Number of open connections: 1
[NX Daemon Server] - 2024-08-02T16:20:53.356Z - Started listening on: /var/folders/cv/yx8gfvpx7c77shkw8g14mq300000gn/T/e318c9e6462701f97dc5/d.sock
[NX Daemon Server] - 2024-08-02T16:20:53.357Z - [WATCHER]: Subscribed to changes within: /Users/chellappan/Public/my-next-app (native)
[NX Daemon Server] - 2024-08-02T16:20:53.365Z - Started listening on: /var/folders/cv/yx8gfvpx7c77shkw8g14mq300000gn/T/e318c9e6462701f97dc5/d.sock
[NX Daemon Server] - 2024-08-02T16:20:53.366Z - [WATCHER]: Subscribed to changes within: /Users/chellappan/Public/my-next-app (native)
[NX Daemon Server] - 2024-08-02T16:20:53.573Z - Started listening on: /var/folders/cv/yx8gfvpx7c77shkw8g14mq300000gn/T/e318c9e6462701f97dc5/d.sock
[NX Daemon Server] - 2024-08-02T16:20:53.574Z - [WATCHER]: Subscribed to changes within: /Users/chellappan/Public/my-next-app (native)
[NX Daemon Server] - 2024-08-02T16:20:53.579Z - Established a connection. Number of open connections: 1
[NX Daemon Server] - 2024-08-02T16:20:53.579Z - Established a connection. Number of open connections: 2
[NX Daemon Server] - 2024-08-02T16:20:53.580Z - Closed a connection. Number of open connections: 1
[NX Daemon Server] - 2024-08-02T16:20:53.581Z - [REQUEST]: Responding to the client. handleGlob
[NX Daemon Server] - 2024-08-02T16:20:53.581Z - Done responding to the client handleGlob
[NX Daemon Server] - 2024-08-02T16:20:53.581Z - Handled GLOB. Handling time: 1. Response time: 0.
[NX Daemon Server] - 2024-08-02T16:20:53.634Z - [WATCHER]: .nx/workspace-data/d/server-process.json was modified
[NX Daemon Server] - 2024-08-02T16:20:54.103Z - [REQUEST]: Updated workspace context based on watched changes, recomputing project graph...
[NX Daemon Server] - 2024-08-02T16:20:54.103Z - [REQUEST]: .nx/workspace-data/d/server-process.json
[NX Daemon Server] - 2024-08-02T16:20:54.103Z - [REQUEST]: 
[NX Daemon Server] - 2024-08-02T16:20:54.111Z - Time taken for 'loadNxPlugins' 366.6552499830723ms
[33mThe CJS build of Vite's Node API is deprecated. See https://vitejs.dev/guide/troubleshooting.html#vite-cjs-node-api-deprecated for more details.[39m
[NX Daemon Server] - 2024-08-02T16:20:54.554Z - [REQUEST]: Responding to the client. handleNxWorkspaceFiles
[NX Daemon Server] - 2024-08-02T16:20:54.555Z - Done responding to the client handleNxWorkspaceFiles
[NX Daemon Server] - 2024-08-02T16:20:54.555Z - Handled GET_NX_WORKSPACE_FILES. Handling time: 0. Response time: 1.
[NX Daemon Server] - 2024-08-02T16:20:54.720Z - [REQUEST]: Responding to the client. handleContextFileData
[NX Daemon Server] - 2024-08-02T16:20:54.720Z - Done responding to the client handleContextFileData
[NX Daemon Server] - 2024-08-02T16:20:54.720Z - Handled GET_CONTEXT_FILE_DATA. Handling time: 0. Response time: 0.
[NX Daemon Server] - 2024-08-02T16:20:54.722Z - Closed a connection. Number of open connections: 0
[NX Daemon Server] - 2024-08-02T16:20:54.850Z - Time taken for 'build-project-configs' 735.8409170210361ms
[NX Daemon Server] - 2024-08-02T16:20:54.853Z - Time taken for '@nx/vite/plugin:createDependencies' 4.576292008161545ms
[NX Daemon Server] - 2024-08-02T16:20:54.962Z - Started listening on: /var/folders/cv/yx8gfvpx7c77shkw8g14mq300000gn/T/e318c9e6462701f97dc5/d.sock
[NX Daemon Server] - 2024-08-02T16:20:54.963Z - [WATCHER]: Subscribed to changes within: /Users/chellappan/Public/my-next-app (native)
[NX Daemon Server] - 2024-08-02T16:20:54.964Z - Established a connection. Number of open connections: 1
[NX Daemon Server] - 2024-08-02T16:20:54.964Z - Established a connection. Number of open connections: 2
[NX Daemon Server] - 2024-08-02T16:20:54.965Z - Closed a connection. Number of open connections: 1
[NX Daemon Server] - 2024-08-02T16:20:54.965Z - [REQUEST]: Client Request for Project Graph Received
[NX Daemon Server] - 2024-08-02T16:20:54.968Z - Time taken for 'total execution time for createProjectGraph()' 120.42983400821686ms
[NX Daemon Server] - 2024-08-02T16:20:55.027Z - [WATCHER]: .nx/workspace-data/d/server-process.json was modified
[NX Daemon Server] - 2024-08-02T16:20:55.029Z - [WATCHER]: .nx/workspace-data/d/server-process.json was modified
[NX Daemon Server] - 2024-08-02T16:20:55.032Z - [WATCHER]: Stopping the watcher for /Users/chellappan/Public/my-next-app (sources)
[NX Daemon Server] - 2024-08-02T16:20:55.033Z - [WATCHER]: Stopping the watcher for /Users/chellappan/Public/my-next-app (outputs)
[NX Daemon Server] - 2024-08-02T16:20:55.033Z - Server stopped because: "this process is no longer the current daemon (native)"
[NX Daemon Server] - 2024-08-02T16:20:55.349Z - [REQUEST]: Updated workspace context based on watched changes, recomputing project graph...
[NX Daemon Server] - 2024-08-02T16:20:55.349Z - [REQUEST]: .nx/workspace-data/d/server-process.json
[NX Daemon Server] - 2024-08-02T16:20:55.349Z - [REQUEST]: 
[NX Daemon Server] - 2024-08-02T16:20:55.357Z - Time taken for 'loadNxPlugins' 220.55825001001358ms
[NX Daemon Server] - 2024-08-02T16:20:55.417Z - [REQUEST]: Updated workspace context based on watched changes, recomputing project graph...
[NX Daemon Server] - 2024-08-02T16:20:55.417Z - [REQUEST]: .nx/workspace-data/d/server-process.json
[NX Daemon Server] - 2024-08-02T16:20:55.417Z - [REQUEST]: 
[NX Daemon Server] - 2024-08-02T16:20:55.421Z - Time taken for 'loadNxPlugins' 287.9654169976711ms
[NX Daemon Server] - 2024-08-02T16:20:55.959Z - Time taken for 'build-project-configs' 530.9786660075188ms
[NX Daemon Server] - 2024-08-02T16:20:55.962Z - Time taken for '@nx/vite/plugin:createDependencies' 5.225833982229233ms
[NX Daemon Server] - 2024-08-02T16:20:55.992Z - Time taken for 'build-project-configs' 572.1805410087109ms
[NX Daemon Server] - 2024-08-02T16:20:55.994Z - Time taken for '@nx/vite/plugin:createDependencies' 3.7175410091876984ms
[NX Daemon Server] - 2024-08-02T16:20:56.074Z - [REQUEST]: Responding to the client with an error. Error when preparing serialized project graph. Failed to process project graph. Run "nx reset" to fix this. Please report the issue if you keep seeing it.
Failed to process project graph. Run "nx reset" to fix this. Please report the issue if you keep seeing it.
  An error occurred while processing files for the @nx/eslint/plugin plugin.
    - apps/test-org-babel/.eslintrc.json: Failed to load config "../../.eslintrc.json" to extend from.
  Referenced from: /Users/chellappan/Public/my-next-app/apps/test-org-babel/.eslintrc.json
      Error: Failed to load config "../../.eslintrc.json" to extend from.
      Referenced from: /Users/chellappan/Public/my-next-app/apps/test-org-babel/.eslintrc.json
          at configInvalidError (/Users/chellappan/Public/my-next-app/node_modules/@eslint/eslintrc/dist/eslintrc.cjs:2648:9)
          at ConfigArrayFactory._loadExtendedShareableConfig (/Users/chellappan/Public/my-next-app/node_modules/@eslint/eslintrc/dist/eslintrc.cjs:3279:23)
          at ConfigArrayFactory._loadExtends (/Users/chellappan/Public/my-next-app/node_modules/@eslint/eslintrc/dist/eslintrc.cjs:3156:25)
          at ConfigArrayFactory._normalizeObjectConfigDataBody (/Users/chellappan/Public/my-next-app/node_modules/@eslint/eslintrc/dist/eslintrc.cjs:3095:25)
          at _normalizeObjectConfigDataBody.next (<anonymous>)
          at ConfigArrayFactory._normalizeObjectConfigData (/Users/chellappan/Public/my-next-app/node_modules/@eslint/eslintrc/dist/eslintrc.cjs:3040:20)
          at _normalizeObjectConfigData.next (<anonymous>)
          at ConfigArrayFactory.loadInDirectory (/Users/chellappan/Public/my-next-app/node_modules/@eslint/eslintrc/dist/eslintrc.cjs:2886:28)
          at CascadingConfigArrayFactory._loadConfigInAncestors (/Users/chellappan/Public/my-next-app/node_modules/@eslint/eslintrc/dist/eslintrc.cjs:3871:46)
          at CascadingConfigArrayFactory.getConfigArrayForFile (/Users/chellappan/Public/my-next-app/node_modules/@eslint/eslintrc/dist/eslintrc.cjs:3792:18)
    - libs/my-lib/.eslintrc.json: Failed to load config "../../.eslintrc.json" to extend from.
  Referenced from: /Users/chellappan/Public/my-next-app/libs/my-lib/.eslintrc.json
      Error: Failed to load config "../../.eslintrc.json" to extend from.
      Referenced from: /Users/chellappan/Public/my-next-app/libs/my-lib/.eslintrc.json
          at configInvalidError (/Users/chellappan/Public/my-next-app/node_modules/@eslint/eslintrc/dist/eslintrc.cjs:2648:9)
          at ConfigArrayFactory._loadExtendedShareableConfig (/Users/chellappan/Public/my-next-app/node_modules/@eslint/eslintrc/dist/eslintrc.cjs:3279:23)
          at ConfigArrayFactory._loadExtends (/Users/chellappan/Public/my-next-app/node_modules/@eslint/eslintrc/dist/eslintrc.cjs:3156:25)
          at ConfigArrayFactory._normalizeObjectConfigDataBody (/Users/chellappan/Public/my-next-app/node_modules/@eslint/eslintrc/dist/eslintrc.cjs:3095:25)
          at _normalizeObjectConfigDataBody.next (<anonymous>)
          at ConfigArrayFactory._normalizeObjectConfigData (/Users/chellappan/Public/my-next-app/node_modules/@eslint/eslintrc/dist/eslintrc.cjs:3040:20)
          at _normalizeObjectConfigData.next (<anonymous>)
          at ConfigArrayFactory.loadInDirectory (/Users/chellappan/Public/my-next-app/node_modules/@eslint/eslintrc/dist/eslintrc.cjs:2886:28)
          at CascadingConfigArrayFactory._loadConfigInAncestors (/Users/chellappan/Public/my-next-app/node_modules/@eslint/eslintrc/dist/eslintrc.cjs:3871:46)
          at CascadingConfigArrayFactory._loadConfigInAncestors (/Users/chellappan/Public/my-next-app/node_modules/@eslint/eslintrc/dist/eslintrc.cjs:3890:20)
[NX Daemon Server] - 2024-08-02T16:20:56.076Z - Time taken for 'total execution time for createProjectGraph()' 82.97579097747803ms
[NX Daemon Server] - 2024-08-02T16:20:56.077Z - Done responding to the client null
[NX Daemon Server] - 2024-08-02T16:20:56.077Z - Handled REQUEST_PROJECT_GRAPH. Handling time: 1109. Response time: 3.
[NX Daemon Server] - 2024-08-02T16:20:56.080Z - [REQUEST]: Client Request for Project Graph Received
[NX Daemon Server] - 2024-08-02T16:20:56.080Z - [REQUEST]: Updated workspace context based on watched changes, recomputing project graph...
[NX Daemon Server] - 2024-08-02T16:20:56.080Z - [REQUEST]: 
[NX Daemon Server] - 2024-08-02T16:20:56.080Z - [REQUEST]: 
[NX Daemon Server] - 2024-08-02T16:20:56.087Z - Time taken for 'hash changed files from watcher' 0.0027920007705688477ms
[NX Daemon Server] - 2024-08-02T16:20:56.095Z - Time taken for 'total execution time for createProjectGraph()' 104.03891599178314ms
[NX Daemon Server] - 2024-08-02T16:20:56.100Z - Time taken for 'build-project-configs' 13.013875007629395ms
[NX Daemon Server] - 2024-08-02T16:20:56.103Z - Time taken for '@nx/vite/plugin:createDependencies' 5.492749989032745ms
[NX Daemon Server] - 2024-08-02T16:20:56.111Z - [REQUEST]: Responding to the client with an error. Error when preparing serialized project graph. Failed to process project graph. Run "nx reset" to fix this. Please report the issue if you keep seeing it.
Failed to process project graph. Run "nx reset" to fix this. Please report the issue if you keep seeing it.
  An error occurred while processing files for the @nx/eslint/plugin plugin.
    - apps/test-org-babel/.eslintrc.json: Failed to load config "../../.eslintrc.json" to extend from.
  Referenced from: /Users/chellappan/Public/my-next-app/apps/test-org-babel/.eslintrc.json
      Error: Failed to load config "../../.eslintrc.json" to extend from.
      Referenced from: /Users/chellappan/Public/my-next-app/apps/test-org-babel/.eslintrc.json
          at configInvalidError (/Users/chellappan/Public/my-next-app/node_modules/@eslint/eslintrc/dist/eslintrc.cjs:2648:9)
          at ConfigArrayFactory._loadExtendedShareableConfig (/Users/chellappan/Public/my-next-app/node_modules/@eslint/eslintrc/dist/eslintrc.cjs:3279:23)
          at ConfigArrayFactory._loadExtends (/Users/chellappan/Public/my-next-app/node_modules/@eslint/eslintrc/dist/eslintrc.cjs:3156:25)
          at ConfigArrayFactory._normalizeObjectConfigDataBody (/Users/chellappan/Public/my-next-app/node_modules/@eslint/eslintrc/dist/eslintrc.cjs:3095:25)
          at _normalizeObjectConfigDataBody.next (<anonymous>)
          at ConfigArrayFactory._normalizeObjectConfigData (/Users/chellappan/Public/my-next-app/node_modules/@eslint/eslintrc/dist/eslintrc.cjs:3040:20)
          at _normalizeObjectConfigData.next (<anonymous>)
          at ConfigArrayFactory.loadInDirectory (/Users/chellappan/Public/my-next-app/node_modules/@eslint/eslintrc/dist/eslintrc.cjs:2886:28)
          at CascadingConfigArrayFactory._loadConfigInAncestors (/Users/chellappan/Public/my-next-app/node_modules/@eslint/eslintrc/dist/eslintrc.cjs:3871:46)
          at CascadingConfigArrayFactory.getConfigArrayForFile (/Users/chellappan/Public/my-next-app/node_modules/@eslint/eslintrc/dist/eslintrc.cjs:3792:18)
    - libs/my-lib/.eslintrc.json: Failed to load config "../../.eslintrc.json" to extend from.
  Referenced from: /Users/chellappan/Public/my-next-app/libs/my-lib/.eslintrc.json
      Error: Failed to load config "../../.eslintrc.json" to extend from.
      Referenced from: /Users/chellappan/Public/my-next-app/libs/my-lib/.eslintrc.json
          at configInvalidError (/Users/chellappan/Public/my-next-app/node_modules/@eslint/eslintrc/dist/eslintrc.cjs:2648:9)
          at ConfigArrayFactory._loadExtendedShareableConfig (/Users/chellappan/Public/my-next-app/node_modules/@eslint/eslintrc/dist/eslintrc.cjs:3279:23)
          at ConfigArrayFactory._loadExtends (/Users/chellappan/Public/my-next-app/node_modules/@eslint/eslintrc/dist/eslintrc.cjs:3156:25)
          at ConfigArrayFactory._normalizeObjectConfigDataBody (/Users/chellappan/Public/my-next-app/node_modules/@eslint/eslintrc/dist/eslintrc.cjs:3095:25)
          at _normalizeObjectConfigDataBody.next (<anonymous>)
          at ConfigArrayFactory._normalizeObjectConfigData (/Users/chellappan/Public/my-next-app/node_modules/@eslint/eslintrc/dist/eslintrc.cjs:3040:20)
          at _normalizeObjectConfigData.next (<anonymous>)
          at ConfigArrayFactory.loadInDirectory (/Users/chellappan/Public/my-next-app/node_modules/@eslint/eslintrc/dist/eslintrc.cjs:2886:28)
          at CascadingConfigArrayFactory._loadConfigInAncestors (/Users/chellappan/Public/my-next-app/node_modules/@eslint/eslintrc/dist/eslintrc.cjs:3871:46)
          at CascadingConfigArrayFactory._loadConfigInAncestors (/Users/chellappan/Public/my-next-app/node_modules/@eslint/eslintrc/dist/eslintrc.cjs:3890:20)
[NX Daemon Server] - 2024-08-02T16:20:56.114Z - Time taken for 'total execution time for createProjectGraph()' 13.096542000770569ms
[NX Daemon Server] - 2024-08-02T16:20:56.116Z - Done responding to the client null
[NX Daemon Server] - 2024-08-02T16:20:56.116Z - Handled REQUEST_PROJECT_GRAPH. Handling time: 31. Response time: 5.
[NX Daemon Server] - 2024-08-02T16:20:56.221Z - [REQUEST]: Client Request for Project Graph Received
[NX Daemon Server] - 2024-08-02T16:20:56.221Z - [REQUEST]: Updated workspace context based on watched changes, recomputing project graph...
[NX Daemon Server] - 2024-08-02T16:20:56.221Z - [REQUEST]: 
[NX Daemon Server] - 2024-08-02T16:20:56.221Z - [REQUEST]: 
[NX Daemon Server] - 2024-08-02T16:20:56.227Z - Time taken for 'hash changed files from watcher' 0.004749983549118042ms
[NX Daemon Server] - 2024-08-02T16:20:56.308Z - Time taken for 'build-project-configs' 79.56850001215935ms
[NX Daemon Server] - 2024-08-02T16:20:56.311Z - Time taken for '@nx/vite/plugin:createDependencies' 6.547167003154755ms
[NX Daemon Server] - 2024-08-02T16:20:56.326Z - [REQUEST]: Responding to the client with an error. Error when preparing serialized project graph. Failed to process project graph. Run "nx reset" to fix this. Please report the issue if you keep seeing it.
Failed to process project graph. Run "nx reset" to fix this. Please report the issue if you keep seeing it.
  An error occurred while processing files for the @nx/eslint/plugin plugin.
    - apps/test-org-babel/.eslintrc.json: Failed to load config "../../.eslintrc.json" to extend from.
  Referenced from: /Users/chellappan/Public/my-next-app/apps/test-org-babel/.eslintrc.json
      Error: Failed to load config "../../.eslintrc.json" to extend from.
      Referenced from: /Users/chellappan/Public/my-next-app/apps/test-org-babel/.eslintrc.json
          at configInvalidError (/Users/chellappan/Public/my-next-app/node_modules/@eslint/eslintrc/dist/eslintrc.cjs:2648:9)
          at ConfigArrayFactory._loadExtendedShareableConfig (/Users/chellappan/Public/my-next-app/node_modules/@eslint/eslintrc/dist/eslintrc.cjs:3279:23)
          at ConfigArrayFactory._loadExtends (/Users/chellappan/Public/my-next-app/node_modules/@eslint/eslintrc/dist/eslintrc.cjs:3156:25)
          at ConfigArrayFactory._normalizeObjectConfigDataBody (/Users/chellappan/Public/my-next-app/node_modules/@eslint/eslintrc/dist/eslintrc.cjs:3095:25)
          at _normalizeObjectConfigDataBody.next (<anonymous>)
          at ConfigArrayFactory._normalizeObjectConfigData (/Users/chellappan/Public/my-next-app/node_modules/@eslint/eslintrc/dist/eslintrc.cjs:3040:20)
          at _normalizeObjectConfigData.next (<anonymous>)
          at ConfigArrayFactory.loadInDirectory (/Users/chellappan/Public/my-next-app/node_modules/@eslint/eslintrc/dist/eslintrc.cjs:2886:28)
          at CascadingConfigArrayFactory._loadConfigInAncestors (/Users/chellappan/Public/my-next-app/node_modules/@eslint/eslintrc/dist/eslintrc.cjs:3871:46)
          at CascadingConfigArrayFactory.getConfigArrayForFile (/Users/chellappan/Public/my-next-app/node_modules/@eslint/eslintrc/dist/eslintrc.cjs:3792:18)
    - libs/my-lib/.eslintrc.json: Failed to load config "../../.eslintrc.json" to extend from.
  Referenced from: /Users/chellappan/Public/my-next-app/libs/my-lib/.eslintrc.json
      Error: Failed to load config "../../.eslintrc.json" to extend from.
      Referenced from: /Users/chellappan/Public/my-next-app/libs/my-lib/.eslintrc.json
          at configInvalidError (/Users/chellappan/Public/my-next-app/node_modules/@eslint/eslintrc/dist/eslintrc.cjs:2648:9)
          at ConfigArrayFactory._loadExtendedShareableConfig (/Users/chellappan/Public/my-next-app/node_modules/@eslint/eslintrc/dist/eslintrc.cjs:3279:23)
          at ConfigArrayFactory._loadExtends (/Users/chellappan/Public/my-next-app/node_modules/@eslint/eslintrc/dist/eslintrc.cjs:3156:25)
          at ConfigArrayFactory._normalizeObjectConfigDataBody (/Users/chellappan/Public/my-next-app/node_modules/@eslint/eslintrc/dist/eslintrc.cjs:3095:25)
          at _normalizeObjectConfigDataBody.next (<anonymous>)
          at ConfigArrayFactory._normalizeObjectConfigData (/Users/chellappan/Public/my-next-app/node_modules/@eslint/eslintrc/dist/eslintrc.cjs:3040:20)
          at _normalizeObjectConfigData.next (<anonymous>)
          at ConfigArrayFactory.loadInDirectory (/Users/chellappan/Public/my-next-app/node_modules/@eslint/eslintrc/dist/eslintrc.cjs:2886:28)
          at CascadingConfigArrayFactory._loadConfigInAncestors (/Users/chellappan/Public/my-next-app/node_modules/@eslint/eslintrc/dist/eslintrc.cjs:3871:46)
          at CascadingConfigArrayFactory._loadConfigInAncestors (/Users/chellappan/Public/my-next-app/node_modules/@eslint/eslintrc/dist/eslintrc.cjs:3890:20)
[NX Daemon Server] - 2024-08-02T16:20:56.329Z - Time taken for 'total execution time for createProjectGraph()' 20.248417019844055ms
[NX Daemon Server] - 2024-08-02T16:20:56.330Z - Done responding to the client null
[NX Daemon Server] - 2024-08-02T16:20:56.330Z - Handled REQUEST_PROJECT_GRAPH. Handling time: 105. Response time: 4.
[NX Daemon Server] - 2024-08-02T16:20:56.334Z - [REQUEST]: Client Request for Project Graph Received
[NX Daemon Server] - 2024-08-02T16:20:56.334Z - [REQUEST]: Updated workspace context based on watched changes, recomputing project graph...
[NX Daemon Server] - 2024-08-02T16:20:56.334Z - [REQUEST]: 
[NX Daemon Server] - 2024-08-02T16:20:56.334Z - [REQUEST]: 
[NX Daemon Server] - 2024-08-02T16:20:56.340Z - Time taken for 'hash changed files from watcher' 0.0033749938011169434ms
[NX Daemon Server] - 2024-08-02T16:20:56.352Z - Time taken for 'build-project-configs' 11.675334006547928ms
[NX Daemon Server] - 2024-08-02T16:20:56.354Z - Time taken for '@nx/vite/plugin:createDependencies' 4.899666011333466ms
[NX Daemon Server] - 2024-08-02T16:20:56.367Z - [REQUEST]: Responding to the client with an error. Error when preparing serialized project graph. Failed to process project graph. Run "nx reset" to fix this. Please report the issue if you keep seeing it.
Failed to process project graph. Run "nx reset" to fix this. Please report the issue if you keep seeing it.
  An error occurred while processing files for the @nx/eslint/plugin plugin.
    - apps/test-org-babel/.eslintrc.json: Failed to load config "../../.eslintrc.json" to extend from.
  Referenced from: /Users/chellappan/Public/my-next-app/apps/test-org-babel/.eslintrc.json
      Error: Failed to load config "../../.eslintrc.json" to extend from.
      Referenced from: /Users/chellappan/Public/my-next-app/apps/test-org-babel/.eslintrc.json
          at configInvalidError (/Users/chellappan/Public/my-next-app/node_modules/@eslint/eslintrc/dist/eslintrc.cjs:2648:9)
          at ConfigArrayFactory._loadExtendedShareableConfig (/Users/chellappan/Public/my-next-app/node_modules/@eslint/eslintrc/dist/eslintrc.cjs:3279:23)
          at ConfigArrayFactory._loadExtends (/Users/chellappan/Public/my-next-app/node_modules/@eslint/eslintrc/dist/eslintrc.cjs:3156:25)
          at ConfigArrayFactory._normalizeObjectConfigDataBody (/Users/chellappan/Public/my-next-app/node_modules/@eslint/eslintrc/dist/eslintrc.cjs:3095:25)
          at _normalizeObjectConfigDataBody.next (<anonymous>)
          at ConfigArrayFactory._normalizeObjectConfigData (/Users/chellappan/Public/my-next-app/node_modules/@eslint/eslintrc/dist/eslintrc.cjs:3040:20)
          at _normalizeObjectConfigData.next (<anonymous>)
          at ConfigArrayFactory.loadInDirectory (/Users/chellappan/Public/my-next-app/node_modules/@eslint/eslintrc/dist/eslintrc.cjs:2886:28)
          at CascadingConfigArrayFactory._loadConfigInAncestors (/Users/chellappan/Public/my-next-app/node_modules/@eslint/eslintrc/dist/eslintrc.cjs:3871:46)
          at CascadingConfigArrayFactory.getConfigArrayForFile (/Users/chellappan/Public/my-next-app/node_modules/@eslint/eslintrc/dist/eslintrc.cjs:3792:18)
    - libs/my-lib/.eslintrc.json: Failed to load config "../../.eslintrc.json" to extend from.
  Referenced from: /Users/chellappan/Public/my-next-app/libs/my-lib/.eslintrc.json
      Error: Failed to load config "../../.eslintrc.json" to extend from.
      Referenced from: /Users/chellappan/Public/my-next-app/libs/my-lib/.eslintrc.json
          at configInvalidError (/Users/chellappan/Public/my-next-app/node_modules/@eslint/eslintrc/dist/eslintrc.cjs:2648:9)
          at ConfigArrayFactory._loadExtendedShareableConfig (/Users/chellappan/Public/my-next-app/node_modules/@eslint/eslintrc/dist/eslintrc.cjs:3279:23)
          at ConfigArrayFactory._loadExtends (/Users/chellappan/Public/my-next-app/node_modules/@eslint/eslintrc/dist/eslintrc.cjs:3156:25)
          at ConfigArrayFactory._normalizeObjectConfigDataBody (/Users/chellappan/Public/my-next-app/node_modules/@eslint/eslintrc/dist/eslintrc.cjs:3095:25)
          at _normalizeObjectConfigDataBody.next (<anonymous>)
          at ConfigArrayFactory._normalizeObjectConfigData (/Users/chellappan/Public/my-next-app/node_modules/@eslint/eslintrc/dist/eslintrc.cjs:3040:20)
          at _normalizeObjectConfigData.next (<anonymous>)
          at ConfigArrayFactory.loadInDirectory (/Users/chellappan/Public/my-next-app/node_modules/@eslint/eslintrc/dist/eslintrc.cjs:2886:28)
          at CascadingConfigArrayFactory._loadConfigInAncestors (/Users/chellappan/Public/my-next-app/node_modules/@eslint/eslintrc/dist/eslintrc.cjs:3871:46)
          at CascadingConfigArrayFactory._loadConfigInAncestors (/Users/chellappan/Public/my-next-app/node_modules/@eslint/eslintrc/dist/eslintrc.cjs:3890:20)
[NX Daemon Server] - 2024-08-02T16:20:56.369Z - Time taken for 'total execution time for createProjectGraph()' 16.846249997615814ms
[NX Daemon Server] - 2024-08-02T16:20:56.370Z - Done responding to the client null
[NX Daemon Server] - 2024-08-02T16:20:56.370Z - Handled REQUEST_PROJECT_GRAPH. Handling time: 33. Response time: 3.
